0 info it worked if it ends with ok
1 verbose cli [ '/usr/bin/node', '/usr/bin/npm', 'install' ]
2 info using npm@2.14.7
3 info using node@v1.0.2
4 verbose readDependencies loading dependencies from /home/schadenfred/work/projects/bacchanal/bacchanal/package.json
5 error install Couldn't read dependencies
6 verbose stack Error: ENOENT, open '/home/schadenfred/work/projects/bacchanal/bacchanal/package.json'
6 verbose stack     at Error (native)
7 verbose cwd /home/schadenfred/work/projects/bacchanal/bacchanal
8 error Linux 3.16.0-53-generic
9 error argv "/usr/bin/node" "/usr/bin/npm" "install"
10 error node v1.0.2
11 error npm  v2.14.7
12 error path /home/schadenfred/work/projects/bacchanal/bacchanal/package.json
13 error code ENOPACKAGEJSON
14 error errno -2
15 error package.json ENOENT, open '/home/schadenfred/work/projects/bacchanal/bacchanal/package.json'
15 error package.json This is most likely not a problem with npm itself.
15 error package.json npm can't find a package.json file in your current directory.
16 verbose exit [ -2, true ]
